<?xml version="1.0" encoding="UTF-8"?>
<!-- Generated by org.testng.reporters.JUnitReportReporter -->
<testsuite hostname="DESKTOP-B0PFRS0" failures="0" tests="3" name="mavenproject_practice.Practice1Test" time="0.016" errors="0" timestamp="2022-07-18T12:28:06 GMT-07:00" skipped="0">
  <testcase classname="mavenproject_practice.Practice1Test" name="Practice3Test" time="0.002"/>
  <system-out/>
  <testcase classname="mavenproject_practice.Practice1Test" name="Practice1Test" time="0.012"/>
  <system-out/>
  <testcase classname="mavenproject_practice.Practice1Test" name="Practice2Test" time="0.002"/>
  <system-out/>
</testsuite> <!-- mavenproject_practice.Practice1Test -->
