<?xml version="1.0" encoding="UTF-8"?>
<!-- Generated by org.testng.reporters.JUnitReportReporter -->
<testsuite hostname="DESKTOP-B0PFRS0" failures="0" tests="2" name="mavenproject_practice.PracticeTest1" time="0.014" errors="0" timestamp="2022-07-18T02:37:19 GMT-07:00" skipped="0">
  <testcase classname="mavenproject_practice.PracticeTest1" name="createCustomer" time="0.011"/>
  <system-out>
    <![CDATA[Customer Module]]>
  </system-out>
  <testcase classname="mavenproject_practice.PracticeTest1" name="deleteCustomer" time="0.003"/>
  <system-out>
    <![CDATA[Customer Module]]>
  </system-out>
</testsuite> <!-- mavenproject_practice.PracticeTest1 -->
