<?xml version="1.0" encoding="UTF-8"?>
<!-- Generated by org.testng.reporters.JUnitReportReporter -->
<testsuite hostname="DESKTOP-B0PFRS0" failures="0" tests="2" name="mavenproject_practice.PracticeTest" time="0.016" errors="0" timestamp="2022-07-18T02:37:19 GMT-07:00" skipped="0">
  <testcase classname="mavenproject_practice.PracticeTest" name="PracticeTest" time="0.006"/>
  <system-out>
    <![CDATA[Automation
Script]]>
  </system-out>
  <testcase classname="mavenproject_practice.PracticeTest" name="modifyCustomer" time="0.010"/>
  <system-out>
    <![CDATA[modifyCustomer]]>
  </system-out>
</testsuite> <!-- mavenproject_practice.PracticeTest -->
